<?xml version="1.0" encoding="UTF-8"?>
<!-- Generated by org.testng.reporters.JUnitReportReporter -->
<testsuite hostname="LAPTOP-EBL30HHN" failures="0" tests="2" name="Tests.TestGoogle" time="9.981" errors="0" timestamp="2025-09-02T15:05:39 IST" skipped="0">
  <testcase classname="Tests.TestGoogle" name="testGoogle" time="4.601"/>
  <testcase classname="Tests.TestGoogle" name="testGoogle" time="5.380"/>
</testsuite> <!-- Tests.TestGoogle -->
